Построение начато 06.05.2016 18:42:54.
     1>Проект "C:\THE_CODE\acml_test\acml_test\acml_test.vcxproj" в узле 2 (целевые объекты build).
     1>InitializeBuildStatus:
         Обращение к "Debug\acml_test.unsuccessfulbuild".
       ClCompile:
         C:\Program Files (x86)\Microsoft Visual Studio 10.0\VC\bin\CL.exe /c /ZI /nologo /W3 /WX- /Od /Oy- /D WIN32 /D _DEBUG /D _CONSOLE /D _UNICODE /D UNICODE /Gm /EHsc /RTC1 /MDd /GS /fp:precise /Zc:wchar_t /Zc:forScope /Fo"Debug\\" /Fd"Debug\vc100.pdb" /Gd /TP /analyze- /errorReport:prompt main.cpp
         main.cpp
     1>c:\the_code\acml_test\acml_test\main.cpp(34): warning C4305: =: усечение из "double" к "float"
     1>c:\the_code\acml_test\acml_test\main.cpp(35): warning C4305: =: усечение из "double" к "float"
     1>c:\the_code\acml_test\acml_test\main.cpp(36): warning C4305: =: усечение из "double" к "float"
     1>c:\the_code\acml_test\acml_test\main.cpp(37): warning C4305: =: усечение из "double" к "float"
     1>c:\the_code\acml_test\acml_test\main.cpp(39): warning C4305: =: усечение из "double" к "float"
     1>c:\the_code\acml_test\acml_test\main.cpp(40): warning C4305: =: усечение из "double" к "float"
     1>c:\the_code\acml_test\acml_test\main.cpp(41): warning C4305: =: усечение из "double" к "float"
     1>c:\the_code\acml_test\acml_test\main.cpp(42): warning C4305: =: усечение из "double" к "float"
     1>c:\the_code\acml_test\acml_test\main.cpp(43): warning C4305: =: усечение из "double" к "float"
     1>c:\the_code\acml_test\acml_test\main.cpp(44): warning C4305: =: усечение из "double" к "float"
     1>c:\the_code\acml_test\acml_test\main.cpp(45): warning C4305: =: усечение из "double" к "float"
     1>c:\the_code\acml_test\acml_test\main.cpp(46): warning C4305: =: усечение из "double" к "float"
     1>c:\the_code\acml_test\acml_test\main.cpp(47): warning C4305: =: усечение из "double" к "float"
     1>c:\the_code\acml_test\acml_test\main.cpp(48): warning C4305: =: усечение из "double" к "float"
     1>c:\the_code\acml_test\acml_test\main.cpp(49): warning C4305: =: усечение из "double" к "float"
     1>c:\the_code\acml_test\acml_test\main.cpp(53): warning C4305: =: усечение из "double" к "float"
     1>c:\the_code\acml_test\acml_test\main.cpp(54): warning C4305: =: усечение из "double" к "float"
     1>c:\the_code\acml_test\acml_test\main.cpp(55): warning C4305: =: усечение из "double" к "float"
     1>c:\the_code\acml_test\acml_test\main.cpp(57): warning C4305: =: усечение из "double" к "float"
     1>c:\the_code\acml_test\acml_test\main.cpp(58): warning C4305: =: усечение из "double" к "float"
     1>c:\the_code\acml_test\acml_test\main.cpp(59): warning C4305: =: усечение из "double" к "float"
     1>c:\the_code\acml_test\acml_test\main.cpp(60): warning C4305: =: усечение из "double" к "float"
       ManifestResourceCompile:
         Для всех выходных данных обновления не требуется.
       Link:
         C:\Program Files (x86)\Microsoft Visual Studio 10.0\VC\bin\link.exe /ERRORREPORT:PROMPT /OUT:"C:\THE_CODE\acml_test\Debug\acml_test.exe" /INCREMENTAL /NOLOGO kernel32.lib user32.lib gdi32.lib winspool.lib comdlg32.lib advapi32.lib shell32.lib ole32.lib oleaut32.lib uuid.lib odbc32.lib odbccp32.lib kernel32.lib user32.lib gdi32.lib winspool.lib comdlg32.lib advapi32.lib shell32.lib ole32.lib oleaut32.lib uuid.lib odbc32.lib odbccp32.lib libacml_mp_dll.lib /MANIFEST /ManifestFile:"Debug\acml_test.exe.intermediate.manifest" /MANIFESTUAC:"level='asInvoker' uiAccess='false'" /DEBUG /PDB:"C:\THE_CODE\acml_test\Debug\acml_test.pdb" /SUBSYSTEM:CONSOLE /TLBID:1 /DYNAMICBASE /NXCOMPAT /IMPLIB:"C:\THE_CODE\acml_test\Debug\acml_test.lib" /MACHINE:X86 Debug\acml_test.exe.embed.manifest.res
         Debug\main.obj
     1>main.obj : error LNK2019: ссылка на неразрешенный внешний символ _sgetrs в функции _main
     1>main.obj : error LNK2019: ссылка на неразрешенный внешний символ _sgetrf в функции _main
     1>C:\THE_CODE\acml_test\Debug\acml_test.exe : fatal error LNK1120: 2 неразрешенных внешних элементов
     1>Построение проекта "C:\THE_CODE\acml_test\acml_test\acml_test.vcxproj" завершено (целевые объекты build) с ошибкой.

СБОЙ построения.

Затраченное время: 00:00:01.69
