Построение начато 16.05.2016 23:04:27.
     1>Проект "C:\THE_CODE\acml_test\acml_test\acml_test.vcxproj" в узле 2 (целевые объекты build).
     1>InitializeBuildStatus:
         Обращение к "x64\Release\acml_test.unsuccessfulbuild".
       ClCompile:
         C:\Program Files (x86)\Microsoft Visual Studio 10.0\VC\bin\x86_amd64\CL.exe /c /Zi /nologo /W1 /WX- /O2 /Gm- /EHsc /MD /GS /fp:precise /Zc:wchar_t /Zc:forScope /Fo"x64\Release\\" /Fd"x64\Release\vc100.pdb" /Gd /TP /errorReport:prompt main.cpp
         main.cpp
       Link:
         C:\Program Files (x86)\Microsoft Visual Studio 10.0\VC\bin\x86_amd64\link.exe /ERRORREPORT:PROMPT /OUT:"C:\THE_CODE\acml_test\x64\Release\acml_test.exe" /NOLOGO kernel32.lib user32.lib gdi32.lib winspool.lib comdlg32.lib advapi32.lib shell32.lib ole32.lib oleaut32.lib uuid.lib odbc32.lib odbccp32.lib /MANIFEST /ManifestFile:"x64\Release\acml_test.exe.intermediate.manifest" /MANIFESTUAC:"level='asInvoker' uiAccess='false'" /PDB:"C:\THE_CODE\acml_test\x64\Release\acml_test.pdb" /TLBID:1 /DYNAMICBASE /NXCOMPAT /IMPLIB:"C:\THE_CODE\acml_test\x64\Release\acml_test.lib" /MACHINE:X64 x64\Release\main.obj
     1>main.obj : error LNK2019: ссылка на неразрешенный внешний символ DGESV в функции "void __cdecl Tst_Func(int)" (?Tst_Func@@YAXH@Z)
     1>C:\THE_CODE\acml_test\x64\Release\acml_test.exe : fatal error LNK1120: 1 неразрешенных внешних элементов
     1>Построение проекта "C:\THE_CODE\acml_test\acml_test\acml_test.vcxproj" завершено (целевые объекты build) с ошибкой.

СБОЙ построения.

Затраченное время: 00:00:00.49
