Построение начато 09.05.2016 14:29:11.
     1>Проект "C:\THE_CODE\mpi_test\mpi_test\mpi_test.vcxproj" в узле 2 (целевые объекты build).
     1>InitializeBuildStatus:
         Обращение к "Debug\mpi_test.unsuccessfulbuild".
       ClCompile:
         C:\Program Files (x86)\Microsoft Visual Studio 10.0\VC\bin\CL.exe /c /I"C:\Program Files\Microsoft HPC Pack 2012\Inc" /ZI /nologo /W3 /WX- /Od /Oy- /D WIN32 /D _DEBUG /D _CONSOLE /D _UNICODE /D UNICODE /Gm /EHsc /RTC1 /MDd /GS /fp:precise /Zc:wchar_t /Zc:forScope /Fo"Debug\\" /Fd"Debug\vc100.pdb" /Gd /TP /analyze- /errorReport:prompt main.cpp
         main.cpp
       ManifestResourceCompile:
         Для всех выходных данных обновления не требуется.
       Link:
         C:\Program Files (x86)\Microsoft Visual Studio 10.0\VC\bin\link.exe /ERRORREPORT:PROMPT /OUT:"C:\THE_CODE\mpi_test\Debug\mpi_test.exe" /INCREMENTAL /NOLOGO /LIBPATH:"C:\Program Files\Microsoft HPC Pack 2012\Lib\amd64" msmpi.lib kernel32.lib user32.lib gdi32.lib winspool.lib comdlg32.lib advapi32.lib shell32.lib ole32.lib oleaut32.lib uuid.lib odbc32.lib odbccp32.lib kernel32.lib user32.lib gdi32.lib winspool.lib comdlg32.lib advapi32.lib shell32.lib ole32.lib oleaut32.lib uuid.lib odbc32.lib odbccp32.lib /MANIFEST /ManifestFile:"Debug\mpi_test.exe.intermediate.manifest" /MANIFESTUAC:"level='asInvoker' uiAccess='false'" /DEBUG /PDB:"C:\THE_CODE\mpi_test\Debug\mpi_test.pdb" /SUBSYSTEM:CONSOLE /TLBID:1 /DYNAMICBASE /NXCOMPAT /IMPLIB:"C:\THE_CODE\mpi_test\Debug\mpi_test.lib" /MACHINE:X86 Debug\mpi_test.exe.embed.manifest.res
         Debug\main.obj
     1>main.obj : error LNK2019: ссылка на неразрешенный внешний символ _MPI_Finalize@0 в функции _main
     1>main.obj : error LNK2019: ссылка на неразрешенный внешний символ _MPI_Comm_rank@8 в функции _main
     1>main.obj : error LNK2019: ссылка на неразрешенный внешний символ _MPI_Comm_size@8 в функции _main
     1>main.obj : error LNK2019: ссылка на неразрешенный внешний символ _MPI_Init@8 в функции _main
     1>C:\THE_CODE\mpi_test\Debug\mpi_test.exe : fatal error LNK1120: 4 неразрешенных внешних элементов
     1>Построение проекта "C:\THE_CODE\mpi_test\mpi_test\mpi_test.vcxproj" завершено (целевые объекты build) с ошибкой.

СБОЙ построения.

Затраченное время: 00:00:00.56
